<?xml version="1.0" encoding="UTF-8"?>
<testng-results total="2" passed="2" failed="0" skipped="0">
  <reporter-output>
  </reporter-output>
  <suite started-at="2023-08-10T21:17:31Z" name="Command line suite" finished-at="2023-08-10T21:17:40Z" duration-ms="9078">
    <groups>
    </groups>
    <test started-at="2023-08-10T21:17:31Z" name="Command line test" finished-at="2023-08-10T21:17:40Z" duration-ms="9078">
      <class name="Validation2HappyPath$TestNG">
        <test-method is-config="true" signature="beforeMethod()[pri:0, instance:Validation2HappyPath$TestNG@2667f029]" started-at="2023-08-10T15:17:31Z" name="beforeMethod" finished-at="2023-08-10T15:17:31Z" duration-ms="0" status="PASS">
          <reporter-output>
          </reporter-output>
        </test-method> <!-- beforeMethod -->
        <test-method signature="tst()[pri:0, instance:Validation2HappyPath$TestNG@2667f029]" started-at="2023-08-10T15:17:31Z" name="tst" finished-at="2023-08-10T15:17:36Z" duration-ms="4850" status="PASS">
          <reporter-output>
          </reporter-output>
        </test-method> <!-- tst -->
        <test-method is-config="true" signature="afterMethod()[pri:0, instance:Validation2HappyPath$TestNG@2667f029]" started-at="2023-08-10T15:17:36Z" name="afterMethod" finished-at="2023-08-10T15:17:36Z" duration-ms="212" status="PASS">
          <reporter-output>
          </reporter-output>
        </test-method> <!-- afterMethod -->
      </class> <!-- Validation2HappyPath$TestNG -->
      <class name="Validation5notFound$TestNG">
        <test-method is-config="true" signature="beforeMethod()[pri:0, instance:Validation5notFound$TestNG@3f197a46]" started-at="2023-08-10T15:17:36Z" name="beforeMethod" finished-at="2023-08-10T15:17:36Z" duration-ms="0" status="PASS">
          <reporter-output>
          </reporter-output>
        </test-method> <!-- beforeMethod -->
        <test-method signature="tst1()[pri:0, instance:Validation5notFound$TestNG@3f197a46]" started-at="2023-08-10T15:17:36Z" name="tst1" finished-at="2023-08-10T15:17:40Z" duration-ms="3905" status="PASS">
          <reporter-output>
          </reporter-output>
        </test-method> <!-- tst1 -->
        <test-method is-config="true" signature="afterMethod()[pri:0, instance:Validation5notFound$TestNG@3f197a46]" started-at="2023-08-10T15:17:40Z" name="afterMethod" finished-at="2023-08-10T15:17:40Z" duration-ms="100" status="PASS">
          <reporter-output>
          </reporter-output>
        </test-method> <!-- afterMethod -->
      </class> <!-- Validation5notFound$TestNG -->
    </test> <!-- Command line test -->
  </suite> <!-- Command line suite -->
</testng-results>
